[0m18:39:07.172861 [debug] [MainThread]: Sending event: {'category': 'dbt', 'action': 'invocation', 'label': 'start', 'context': [<snowplow_tracker.self_describing_json.SelfDescribingJson object at 0x00000211545F8BE0>, <snowplow_tracker.self_describing_json.SelfDescribingJson object at 0x000002115586CF10>, <snowplow_tracker.self_describing_json.SelfDescribingJson object at 0x000002115586CD30>]}


============================== 18:39:07.211037 | c4f99749-c79b-4446-b7e5-1e89b5b2d156 ==============================
[0m18:39:07.211037 [info ] [MainThread]: Running with dbt=1.10.2
[0m18:39:07.212037 [debug] [MainThread]: running dbt with arguments {'printer_width': '80', 'indirect_selection': 'eager', 'write_json': 'True', 'log_cache_events': 'False', 'partial_parse': 'True', 'cache_selected_only': 'False', 'profiles_dir': 'C:\\Users\\Peter Duong\\.dbt', 'fail_fast': 'False', 'debug': 'False', 'log_path': 'logs', 'warn_error': 'None', 'version_check': 'True', 'use_colors': 'True', 'use_experimental_parser': 'False', 'empty': 'None', 'quiet': 'False', 'no_print': 'None', 'log_format': 'default', 'static_parser': 'True', 'introspect': 'True', 'invocation_command': 'dbt debug', 'target_path': 'None', 'warn_error_options': 'WarnErrorOptionsV2(error=[], warn=[], silence=[])', 'send_anonymous_usage_stats': 'True'}
[0m18:39:07.426787 [info ] [MainThread]: dbt version: 1.10.2
[0m18:39:07.427787 [info ] [MainThread]: python version: 3.10.7
[0m18:39:07.427787 [info ] [MainThread]: python path: C:\Users\Peter Duong\Desktop\learning\PythonProjects\SVoP_Mock\venv_dbt\Scripts\python.exe
[0m18:39:07.428788 [info ] [MainThread]: os info: Windows-10-10.0.19045-SP0
[0m18:39:22.731292 [info ] [MainThread]: Using profiles dir at C:\Users\Peter Duong\.dbt
[0m18:39:22.732338 [info ] [MainThread]: Using profiles.yml file at C:\Users\Peter Duong\.dbt\profiles.yml
[0m18:39:22.732338 [info ] [MainThread]: Using dbt_project.yml file at C:\Users\Peter Duong\Desktop\learning\PythonProjects\SVoP_Mock\dbt_project.yml
[0m18:39:22.733295 [info ] [MainThread]: adapter type: bigquery
[0m18:39:22.734075 [info ] [MainThread]: adapter version: 1.9.2
[0m18:39:22.735079 [info ] [MainThread]: Configuration:
[0m18:39:22.735079 [info ] [MainThread]:   profiles.yml file [[32mOK found and valid[0m]
[0m18:39:22.736079 [info ] [MainThread]:   dbt_project.yml file [[31mERROR not found[0m]
[0m18:39:22.736079 [info ] [MainThread]: Required dependencies:
[0m18:39:22.737079 [debug] [MainThread]: Executing "git --help"
[0m18:39:22.764195 [debug] [MainThread]: STDOUT: "b"usage: git [-v | --version] [-h | --help] [-C <path>] [-c <name>=<value>]\n           [--exec-path[=<path>]] [--html-path] [--man-path] [--info-path]\n           [-p | --paginate | -P | --no-pager] [--no-replace-objects] [--bare]\n           [--git-dir=<path>] [--work-tree=<path>] [--namespace=<name>]\n           [--config-env=<name>=<envvar>] <command> [<args>]\n\nThese are common Git commands used in various situations:\n\nstart a working area (see also: git help tutorial)\n   clone     Clone a repository into a new directory\n   init      Create an empty Git repository or reinitialize an existing one\n\nwork on the current change (see also: git help everyday)\n   add       Add file contents to the index\n   mv        Move or rename a file, a directory, or a symlink\n   restore   Restore working tree files\n   rm        Remove files from the working tree and from the index\n\nexamine the history and state (see also: git help revisions)\n   bisect    Use binary search to find the commit that introduced a bug\n   diff      Show changes between commits, commit and working tree, etc\n   grep      Print lines matching a pattern\n   log       Show commit logs\n   show      Show various types of objects\n   status    Show the working tree status\n\ngrow, mark and tweak your common history\n   branch    List, create, or delete branches\n   commit    Record changes to the repository\n   merge     Join two or more development histories together\n   rebase    Reapply commits on top of another base tip\n   reset     Reset current HEAD to the specified state\n   switch    Switch branches\n   tag       Create, list, delete or verify a tag object signed with GPG\n\ncollaborate (see also: git help workflows)\n   fetch     Download objects and refs from another repository\n   pull      Fetch from and integrate with another repository or a local branch\n   push      Update remote refs along with associated objects\n\n'git help -a' and 'git help -g' list available subcommands and some\nconcept guides. See 'git help <command>' or 'git help <concept>'\nto read about a specific subcommand or concept.\nSee 'git help git' for an overview of the system.\n""
[0m18:39:22.765194 [debug] [MainThread]: STDERR: "b''"
[0m18:39:22.765194 [info ] [MainThread]:  - git [[32mOK found[0m]

[0m18:39:22.766195 [info ] [MainThread]: Connection:
[0m18:39:22.766646 [info ] [MainThread]:   method: service-account
[0m18:39:22.767194 [info ] [MainThread]:   database: peters-datasets
[0m18:39:22.767194 [info ] [MainThread]:   execution_project: peters-datasets
[0m18:39:22.768194 [info ] [MainThread]:   schema: dbt_svop_mock_schema
[0m18:39:22.768194 [info ] [MainThread]:   location: us-central1
[0m18:39:22.769195 [info ] [MainThread]:   priority: interactive
[0m18:39:22.769195 [info ] [MainThread]:   maximum_bytes_billed: None
[0m18:39:22.770196 [info ] [MainThread]:   impersonate_service_account: None
[0m18:39:22.770196 [info ] [MainThread]:   job_retry_deadline_seconds: None
[0m18:39:22.770196 [info ] [MainThread]:   job_retries: 1
[0m18:39:22.771196 [info ] [MainThread]:   job_creation_timeout_seconds: None
[0m18:39:22.771196 [info ] [MainThread]:   job_execution_timeout_seconds: 300
[0m18:39:22.772196 [info ] [MainThread]:   timeout_seconds: 300
[0m18:39:22.773196 [info ] [MainThread]:   client_id: None
[0m18:39:22.773196 [info ] [MainThread]:   token_uri: None
[0m18:39:22.773196 [info ] [MainThread]:   compute_region: None
[0m18:39:22.774197 [info ] [MainThread]:   dataproc_cluster_name: None
[0m18:39:22.774197 [info ] [MainThread]:   gcs_bucket: None
[0m18:39:22.775197 [info ] [MainThread]:   dataproc_batch: None
[0m18:39:22.775197 [info ] [MainThread]: Registered adapter: bigquery=1.9.2
[0m18:39:23.599591 [debug] [MainThread]: Acquiring new bigquery connection 'debug'
[0m18:39:23.600592 [debug] [MainThread]: On debug: select 1 as id
[0m18:39:23.601592 [debug] [MainThread]: Opening a new connection, currently in state init
[0m18:39:27.695004 [debug] [MainThread]: BigQuery adapter: https://console.cloud.google.com/bigquery?project=peters-datasets&j=bq:us-central1:363a7e3c-b2cc-4f5f-bbc6-886ddfb716e0&page=queryresults
[0m18:39:33.437407 [info ] [MainThread]:   Connection test: [[32mOK connection ok[0m]

[0m18:39:33.438406 [info ] [MainThread]: [31m1 check failed:[0m
[0m18:39:33.438406 [info ] [MainThread]: Project loading failed for the following reason:
 project path <C:\Users\Peter Duong\Desktop\learning\PythonProjects\SVoP_Mock\dbt_project.yml> not found

[0m18:39:33.439407 [debug] [MainThread]: Command `dbt debug` failed at 18:39:33.439407 after 26.39 seconds
[0m18:39:33.440408 [debug] [MainThread]: Connection 'debug' was properly closed.
[0m18:39:33.440408 [debug] [MainThread]: Sending event: {'category': 'dbt', 'action': 'invocation', 'label': 'end', 'context': [<snowplow_tracker.self_describing_json.SelfDescribingJson object at 0x00000211545F8BE0>, <snowplow_tracker.self_describing_json.SelfDescribingJson object at 0x00000211000A6500>, <snowplow_tracker.self_describing_json.SelfDescribingJson object at 0x00000211000A6170>]}
[0m18:39:33.441408 [debug] [MainThread]: Flushing usage events
[0m18:39:34.451301 [debug] [MainThread]: An error was encountered while trying to flush usage events
